<?xml version="1.0" encoding="UTF-8"?>
<!-- Generated by org.testng.reporters.JUnitReportReporter -->
<testsuite skipped="0" hostname="LAPTOP-PATGFM90" name="assignment2.Assignment2_3" tests="1" failures="0" timestamp="26 Dec 2020 19:36:19 GMT" time="25.266" errors="0">
  <testcase name="m1" time="25.266" classname="assignment2.Assignment2_3"/>
</testsuite> <!-- assignment2.Assignment2_3 -->
