<?xml version="1.0" encoding="UTF-8"?>
<!-- Generated by org.testng.reporters.JUnitReportReporter -->
<testsuite skipped="0" hostname="LAPTOP-PATGFM90" name="assignment2.Assignment2_1" tests="1" failures="0" timestamp="26 Dec 2020 20:14:48 GMT" time="24.000" errors="0">
  <testcase name="m1" time="24.000" classname="assignment2.Assignment2_1"/>
</testsuite> <!-- assignment2.Assignment2_1 -->
